Started by timer
[Tue Aug 22 06:15:43 IST 2017] Starting organization scan...
[Tue Aug 22 06:15:43 IST 2017] Updating actions...
Looking up details of gitsample...
[8mha:////4C5LRiAOoVuI/ixhcZ3SdpZnN7p/vHpz8MIyI99g3YTzAAAAhB+LCAAAAAAAAP9b85aBtbiIwSa/KF0vKzUvOzOvODlTryCnNB3I0kvPLMkoTYpPKkrMS86IL84vLUpO1XPPLPEoTXLOzyvOz0n1yy9JZYAARiYGRi8GzpLM3NTiksTcgooiBqmM0pTi/Dy9ZIhiPayaGCoKgHQcezqrLQBtD1hTjgAAAA==[0mGitHub API Usage: Current quota has 60 remaining (190 over budget). Next quota of 60 in 6 hr 1 min. Sleeping for 4 hr 55 min.
[8mha:////4GY4dQzZ9n6JSc597/vCZqV1Awv265A4sXm+e7DYQj8mAAAAhB+LCAAAAAAAAP9b85aBtbiIwSa/KF0vKzUvOzOvODlTryCnNB3I0kvPLMkoTYpPKkrMS86IL84vLUpO1XPPLPEoTXLOzyvOz0n1yy9JZYAARiYGRi8GzpLM3NTiksTcgooiBqmM0pTi/Dy9ZIhiPayaGCoKgHQcR51VDgCazH5cjgAAAA==[0mGitHub API Usage: Current quota has 60 remaining (8 under budget). Next quota of 60 in 56 min
Organization URL: [8mha:////4JNbIroRSUlhJWLZZw3zKfSDMqEF915RtpsBsCb+a95dAAAAmR+LCAAAAAAAAP9b85aBtbiIQSajNKU4P08vOT+vOD8nVc+jsiC1KCczL9svvyTVzHb1RttJBUeZGJg8GdhyUvPSSzJ8GJhLi3JKGIR8shLLEvVzEvPS9YNLijLz0q0rihik0IxzhtAgwxgggJGJgaGiAMiQKQFaXlJSUGylr5+eWZJRmgTUlQtiFifmFuSkAgBk0PvNoQAAAA==[0mhttps://github.com/gitsample
[Tue Aug 22 11:20:53 IST 2017] Consulting GitHub Organization
[8mha:////4GxuyWquPWIVo3dqAiOKAX67W36NOsNYjgqbFP+KIFHzAAAAhB+LCAAAAAAAAP9b85aBtbiIwSa/KF0vKzUvOzOvODlTryCnNB3I0kvPLMkoTYpPKkrMS86IL84vLUpO1XPPLPEoTXLOzyvOz0n1yy9JZYAARiYGRi8GzpLM3NTiksTcgooiBqmM0pTi/Dy9ZIhiPayaGCoKgHQcR138GwBY0EypjgAAAA==[0mConnecting to https://api.github.com with no credentials, anonymous access
[8mha:////4Nqv01/el2NKHzOEyYyYOAgyLZBYAHgeW2YR9+oMb781AAAAhB+LCAAAAAAAAP9b85aBtbiIwSa/KF0vKzUvOzOvODlTryCnNB3I0kvPLMkoTYpPKkrMS86IL84vLUpO1XPPLPEoTXLOzyvOz0n1yy9JZYAARiYGRi8GzpLM3NTiksTcgooiBqmM0pTi/Dy9ZIhiPayaGCoKgHQcR138WwDO4EvejgAAAA==[0mGitHub API Usage: Current quota has 59 remaining (6 under budget). Next quota of 60 in 59 min
Looking up repositories of user gitsample

[8mha:////4E9KNPdtIt+x6e/BollTTOweIpNtkFdGiP9SmsIbp+GmAAAAhB+LCAAAAAAAAP9b85aBtbiIwSa/KF0vKzUvOzOvODlTryCnNB3I0kvPLMkoTYpPKkrMS86IL84vLUpO1XPPLPEoTXLOzyvOz0n1yy9JZYAARiYGRi8GzpLM3NTiksTcgooiBqmM0pTi/Dy9ZIhiPayaGCoKgHQcR11yIwBCtLzpjgAAAA==[0mGitHub API Usage: Current quota has 57 remaining (4 under budget). Next quota of 60 in 59 min
[8mha:////4Ok7glBwOqwIaVS9dxh/i9AjtJqWD7DjyyZg1f/9TPEaAAAAhB+LCAAAAAAAAP9b85aBtbiIwSa/KF0vKzUvOzOvODlTryCnNB3I0kvPLMkoTYpPKkrMS86IL84vLUpO1XPPLPEoTXLOzyvOz0n1yy9JZYAARiYGRi8GzpLM3NTiksTcgooiBqmM0pTi/Dy9ZIhiPayaGCoKgHQcR13KYQA5Ai8+jgAAAA==[0mGitHub API Usage: Current quota has 56 remaining (3 under budget). Next quota of 60 in 59 min
Proposing samplegit
[8mha:////4MAqzpvCSL50Pm4VjoxdN0rsBYHQe4deOrhb8t6lBVTQAAAAhB+LCAAAAAAAAP9b85aBtbiIwSa/KF0vKzUvOzOvODlTryCnNB3I0kvPLMkoTYpPKkrMS86IL84vLUpO1XPPLPEoTXLOzyvOz0n1yy9JZYAARiYGRi8GzpLM3NTiksTcgooiBqmM0pTi/Dy9ZIhiPayaGCoKgHQcR13qFwB3lomfjgAAAA==[0mGitHub API Usage: Current quota has 55 remaining (2 under budget). Next quota of 60 in 59 min
Examining [8mha:////4PBZeM7XFgzIafCb2iktJpLz4M7MUKilBN68PrUnhySUAAAAnh+LCAAAAAAAAP9b85aBtbiIQSajNKU4P08vOT+vOD8nVc+jsiC1KCczL9svvyTVzHb1RttJBUeZGJg8GdhyUvPSSzJ8GJhLi3JKGIR8shLLEvVzEvPS9YNLijLz0q0rihik0IxzhtAgwxgggJGJgaGiAMgQLmFQyygpKSi20tdPzyzJKE0C6soFMYsTcwtyUvUhFJAPANFuAlyrAAAA[0mgitsample/samplegit

  Checking branches...
[8mha:////4Gwxg/zzPcqhtnqqqQSLtOZ5XV184nQJ3mDWXdIwjzGcAAAAhB+LCAAAAAAAAP9b85aBtbiIwSa/KF0vKzUvOzOvODlTryCnNB3I0kvPLMkoTYpPKkrMS86IL84vLUpO1XPPLPEoTXLOzyvOz0n1yy9JZYAARiYGRi8GzpLM3NTiksTcgooiBqmM0pTi/Dy9ZIhiPayaGCoKgHQcR126MgCCswi1jgAAAA==[0mGitHub API Usage: Current quota has 54 remaining (1 under budget). Next quota of 60 in 59 min

  Getting remote branches...

    Checking branch [8mha:////4NhstVipbcDNpJNFq8mlv4ZTyRK20MomQZBtZ3yebrjYAAAAqh+LCAAAAAAAAP9b85aBtbiIQSajNKU4P08vOT+vOD8nVc+jsiC1KCczL9svvyTVzHb1RttJBUeZGJg8GdhyUvPSSzJ8GJhLi3JKGIR8shLLEvVzEvPS9YNLijLz0q0rihik0IxzhtAgwxgggJGJgaGiAMhgK2EwyigpKSi20tdPzyzJKE0C6soFMYsTcwtyUvUhFJCvX1KUmqqfm1hckloEAN8mWkW3AAAA[0mmaster
[8mha:////4PLe1WecgX4Uxi0UWzB6jIq3+b7KhdpCfJ4aqUvYG6dwAAAAhB+LCAAAAAAAAP9b85aBtbiIwSa/KF0vKzUvOzOvODlTryCnNB3I0kvPLMkoTYpPKkrMS86IL84vLUpO1XPPLPEoTXLOzyvOz0n1yy9JZYAARiYGRi8GzpLM3NTiksTcgooiBqmM0pTi/Dy9ZIhiPayaGCoKgHQcR11GCQAaa5/HjgAAAA==[0mGitHub API Usage: Current quota has 53 remaining (0 under budget). Next quota of 60 in 59 min

  Getting remote pull requests...
      ‘Jenkinsfile’ not found
    Does not meet criteria
[8mha:////4HQ7t6N64hl1tVLLf0ZGv28bIV/NO8qURI4ZnvYngH0xAAAAhB+LCAAAAAAAAP9b85aBtbiIwSa/KF0vKzUvOzOvODlTryCnNB3I0kvPLMkoTYpPKkrMS86IL84vLUpO1XPPLPEoTXLOzyvOz0n1yy9JZYAARiYGRi8GzpLM3NTiksTcgooiBqmM0pTi/Dy9ZIhiPayaGCoKgHQcR11OIgD1Si7OjgAAAA==[0mGitHub API Usage: Current quota has 50 remaining (3 over budget). Next quota of 60 in 59 min. Sleeping for 8 min 23 sec.
[8mha:////4IeDzPYXGkYttfUyb38awloUXYOUT7zIOaHYlv1ObSByAAAAhB+LCAAAAAAAAP9b85aBtbiIwSa/KF0vKzUvOzOvODlTryCnNB3I0kvPLMkoTYpPKkrMS86IL84vLUpO1XPPLPEoTXLOzyvOz0n1yy9JZYAARiYGRi8GzpLM3NTiksTcgooiBqmM0pTi/Dy9ZIhiPayaGCoKgHQcR6N2EwAYFI32jgAAAA==[0mGitHub API Usage: Still sleeping, now only 5 min 23 sec remaining.
[8mha:////4BSO+xmDrOws7JCiF+jHUqBpBUSQk1Gzx1CsvGCWHdZRAAAAhB+LCAAAAAAAAP9b85aBtbiIwSa/KF0vKzUvOzOvODlTryCnNB3I0kvPLMkoTYpPKkrMS86IL84vLUpO1XPPLPEoTXLOzyvOz0n1yy9JZYAARiYGRi8GzpLM3NTiksTcgooiBqmM0pTi/Dy9ZIhiPayaGCoKgHQcR/OrxQAnNoFrjgAAAA==[0mGitHub API Usage: The quota may have been refreshed earlier than expected, rechecking...
[8mha:////4P3ezRG1tMJWMzH43j2XbfSgjPOIs1dC1DKfLOZNRor2AAAAhB+LCAAAAAAAAP9b85aBtbiIwSa/KF0vKzUvOzOvODlTryCnNB3I0kvPLMkoTYpPKkrMS86IL84vLUpO1XPPLPEoTXLOzyvOz0n1yy9JZYAARiYGRi8GzpLM3NTiksTcgooiBqmM0pTi/Dy9ZIhiPayaGCoKgHQcR/M3fQBxpPhpjgAAAA==[0mGitHub API Usage: Current quota has 50 remaining (0 under budget). Next quota of 60 in 53 min

    Checking branch [8mha:////4OwFlqDIaVvSzcE95ibvmmyKkWJCc2ZQFtUXjOC8eoZhAAAArh+LCAAAAAAAAP9b85aBtbiIQSajNKU4P08vOT+vOD8nVc+jsiC1KCczL9svvyTVzHb1RttJBUeZGJg8GdhyUvPSSzJ8GJhLi3JKGIR8shLLEvVzEvPS9YNLijLz0q0rihik0IxzhtAgwxgggJGJgaGiAMjgKmEwyygpKSi20tdPzyzJKE0C6soFMYsTcwtyUvUhFJCvX1KUmqqfl1ruVJSYl5xhCABmcbrLuwAAAA==[0mnewBranch1
      ‘Jenkinsfile’ not found
    Does not meet criteria
[8mha:////4GqChq3A2wztnvqwZSRzhIXMnIL+uyO8tdavzHY06bI/AAAAhB+LCAAAAAAAAP9b85aBtbiIwSa/KF0vKzUvOzOvODlTryCnNB3I0kvPLMkoTYpPKkrMS86IL84vLUpO1XPPLPEoTXLOzyvOz0n1yy9JZYAARiYGRi8GzpLM3NTiksTcgooiBqmM0pTi/Dy9ZIhiPayaGCoKgHQcR/OPXQA07h53jgAAAA==[0mGitHub API Usage: Current quota has 58 remaining (5 under budget). Next quota of 60 in 59 min

  2 branches were processed

  Checking pull-requests...

  0 pull requests were processed

Finished examining gitsample/samplegit

[8mha:////4CZLOccMEZc2xp6c71AzbH6FXi0QMNKoov8H1zuVV/EhAAAAhB+LCAAAAAAAAP9b85aBtbiIwSa/KF0vKzUvOzOvODlTryCnNB3I0kvPLMkoTYpPKkrMS86IL84vLUpO1XPPLPEoTXLOzyvOz0n1yy9JZYAARiYGRi8GzpLM3NTiksTcgooiBqmM0pTi/Dy9ZIhiPayaGCoKgHQcR/OP3QCi3hkAjgAAAA==[0m1 repositories were processed
[Tue Aug 22 11:27:00 IST 2017] Finished organization scan. Scan took 5 hr 11 min
Finished: SUCCESS
